<?xml version="1.0" encoding="UTF-8"?>
<robot generator="Robot 7.0 (Python 3.12.3 on win32)" generated="2024-05-29T13:15:23.669196" rpa="false" schemaversion="5">
<suite id="s1" name="Login" source="C:\Users\Dawid.Chec\PycharmProjects\Android_Test\Tests\Login.robot">
<test id="s1-t1" name="Login and Log out from Zengi Application" line="7">
<kw name="Choose Sign/in button" owner="android-res">
<kw name="Wait Until Page Contains Element" owner="AppiumLibrary">
<kw name="Capture Page Screenshot" owner="AppiumLibrary">
<msg time="2024-05-29T13:15:24.081229" level="FAIL">No application is open</msg>
<doc>Takes a screenshot of the current page and embeds it into the log.</doc>
<status status="FAIL" start="2024-05-29T13:15:24.081229" elapsed="0.004511">No application is open</status>
</kw>
<msg time="2024-05-29T13:15:24.086755" level="WARN">Keyword 'Capture Page Screenshot' could not be run on failure: No application is open</msg>
<msg time="2024-05-29T13:15:24.086755" level="FAIL">No application is open</msg>
<arg>${SIGN-IN-BUTTON}</arg>
<doc>Waits until element specified with `locator` appears on current page.</doc>
<status status="FAIL" start="2024-05-29T13:15:24.081229" elapsed="0.006513">No application is open</status>
</kw>
<kw name="Click Element" owner="AppiumLibrary">
<arg>${SIGN-IN-BUTTON}</arg>
<doc>Click element identified by `locator`.</doc>
<status status="NOT RUN" start="2024-05-29T13:15:24.087742" elapsed="0.000000"/>
</kw>
<status status="FAIL" start="2024-05-29T13:15:24.080207" elapsed="0.007535">No application is open</status>
</kw>
<kw name="Type in Zengi number" owner="android-res">
<status status="NOT RUN" start="2024-05-29T13:15:24.088739" elapsed="0.000000"/>
</kw>
<kw name="Type in Password" owner="android-res">
<status status="NOT RUN" start="2024-05-29T13:15:24.088739" elapsed="0.000000"/>
</kw>
<kw name="Accept Storege permission" owner="android-res">
<status status="NOT RUN" start="2024-05-29T13:15:24.088739" elapsed="0.000000"/>
</kw>
<kw name="Accept Permission" owner="android-res">
<status status="NOT RUN" start="2024-05-29T13:15:24.088739" elapsed="0.000000"/>
</kw>
<kw name="Type in user name" owner="android-res">
<status status="NOT RUN" start="2024-05-29T13:15:24.088739" elapsed="0.000000"/>
</kw>
<kw name="Set Password" owner="android-res">
<status status="NOT RUN" start="2024-05-29T13:15:24.088739" elapsed="0.000000"/>
</kw>
<kw name="Confirm Zengi's policy" owner="android-res">
<status status="NOT RUN" start="2024-05-29T13:15:24.088739" elapsed="0.000000"/>
</kw>
<kw name="Log out" owner="android-res">
<status status="NOT RUN" start="2024-05-29T13:15:24.089744" elapsed="0.000000"/>
</kw>
<status status="FAIL" start="2024-05-29T13:15:24.080207" elapsed="0.009537">No application is open</status>
</test>
<status status="FAIL" start="2024-05-29T13:15:23.693432" elapsed="0.396312"/>
</suite>
<statistics>
<total>
<stat pass="0" fail="1" skip="0">All Tests</stat>
</total>
<tag>
</tag>
<suite>
<stat pass="0" fail="1" skip="0" id="s1" name="Login">Login</stat>
</suite>
</statistics>
<errors>
<msg time="2024-05-29T13:15:24.086755" level="WARN">Keyword 'Capture Page Screenshot' could not be run on failure: No application is open</msg>
</errors>
</robot>
